[0.737s] Invoking command in '/home/oda/RoboSys/ros2_ws/src/mypkg': PYTHONPATH=/home/oda/RoboSys/ros2_ws/install/mypkg/lib/python3.6/site-packages:${PYTHONPATH} /usr/bin/python3 setup.py egg_info --egg-base ../../build/mypkg build --build-base /home/oda/RoboSys/ros2_ws/build/mypkg/build install --prefix /home/oda/RoboSys/ros2_ws/install/mypkg --record /home/oda/RoboSys/ros2_ws/build/mypkg/install.log --single-version-externally-managed
[1.001s] running egg_info
[1.002s] writing ../../build/mypkg/mypkg.egg-info/PKG-INFO
[1.002s] writing dependency_links to ../../build/mypkg/mypkg.egg-info/dependency_links.txt
[1.002s] writing entry points to ../../build/mypkg/mypkg.egg-info/entry_points.txt
[1.003s] writing requirements to ../../build/mypkg/mypkg.egg-info/requires.txt
[1.003s] writing top-level names to ../../build/mypkg/mypkg.egg-info/top_level.txt
[1.043s] reading manifest file '../../build/mypkg/mypkg.egg-info/SOURCES.txt'
[1.045s] writing manifest file '../../build/mypkg/mypkg.egg-info/SOURCES.txt'
[1.045s] running build
[1.045s] running build_py
[1.046s] running install
[1.047s] running install_lib
[1.048s] running install_data
[1.048s] copying package.xml -> /home/oda/RoboSys/ros2_ws/install/mypkg/share/mypkg
[1.049s] copying launch/talk_listen.launch.py -> /home/oda/RoboSys/ros2_ws/install/mypkg/share/mypkg
[1.049s] running install_egg_info
[1.051s] removing '/home/oda/RoboSys/ros2_ws/install/mypkg/lib/python3.6/site-packages/mypkg-0.0.0-py3.6.egg-info' (and everything under it)
[1.052s] Copying ../../build/mypkg/mypkg.egg-info to /home/oda/RoboSys/ros2_ws/install/mypkg/lib/python3.6/site-packages/mypkg-0.0.0-py3.6.egg-info
[1.053s] running install_scripts
[1.074s] Installing listener script to /home/oda/RoboSys/ros2_ws/install/mypkg/lib/mypkg
[1.075s] Installing talker script to /home/oda/RoboSys/ros2_ws/install/mypkg/lib/mypkg
[1.075s] writing list of installed files to '/home/oda/RoboSys/ros2_ws/build/mypkg/install.log'
[1.098s] Invoked command in '/home/oda/RoboSys/ros2_ws/src/mypkg' returned '0': PYTHONPATH=/home/oda/RoboSys/ros2_ws/install/mypkg/lib/python3.6/site-packages:${PYTHONPATH} /usr/bin/python3 setup.py egg_info --egg-base ../../build/mypkg build --build-base /home/oda/RoboSys/ros2_ws/build/mypkg/build install --prefix /home/oda/RoboSys/ros2_ws/install/mypkg --record /home/oda/RoboSys/ros2_ws/build/mypkg/install.log --single-version-externally-managed
