[0.937s] Invoking command in '/home/oda/RoboSys/ros2_ws/src/mypkg': PYTHONPATH=/home/oda/RoboSys/ros2_ws/src/install/mypkg/lib/python3.6/site-packages:${PYTHONPATH} /usr/bin/python3 setup.py egg_info --egg-base ../build/mypkg build --build-base /home/oda/RoboSys/ros2_ws/src/build/mypkg/build install --prefix /home/oda/RoboSys/ros2_ws/src/install/mypkg --record /home/oda/RoboSys/ros2_ws/src/build/mypkg/install.log --single-version-externally-managed
[1.216s] running egg_info
[1.217s] creating ../build/mypkg/mypkg.egg-info
[1.218s] writing ../build/mypkg/mypkg.egg-info/PKG-INFO
[1.218s] writing dependency_links to ../build/mypkg/mypkg.egg-info/dependency_links.txt
[1.218s] writing entry points to ../build/mypkg/mypkg.egg-info/entry_points.txt
[1.218s] writing requirements to ../build/mypkg/mypkg.egg-info/requires.txt
[1.219s] writing top-level names to ../build/mypkg/mypkg.egg-info/top_level.txt
[1.219s] writing manifest file '../build/mypkg/mypkg.egg-info/SOURCES.txt'
[1.270s] reading manifest file '../build/mypkg/mypkg.egg-info/SOURCES.txt'
[1.272s] writing manifest file '../build/mypkg/mypkg.egg-info/SOURCES.txt'
[1.273s] running build
[1.273s] running build_py
[1.274s] creating /home/oda/RoboSys/ros2_ws/src/build/mypkg/build
[1.274s] creating /home/oda/RoboSys/ros2_ws/src/build/mypkg/build/lib
[1.275s] creating /home/oda/RoboSys/ros2_ws/src/build/mypkg/build/lib/mypkg
[1.275s] copying mypkg/talker.py -> /home/oda/RoboSys/ros2_ws/src/build/mypkg/build/lib/mypkg
[1.276s] copying mypkg/listener.py -> /home/oda/RoboSys/ros2_ws/src/build/mypkg/build/lib/mypkg
[1.276s] copying mypkg/__init__.py -> /home/oda/RoboSys/ros2_ws/src/build/mypkg/build/lib/mypkg
[1.276s] running install
[1.277s] running install_lib
[1.277s] creating /home/oda/RoboSys/ros2_ws/src/install/mypkg/lib/python3.6/site-packages/mypkg
[1.278s] copying /home/oda/RoboSys/ros2_ws/src/build/mypkg/build/lib/mypkg/talker.py -> /home/oda/RoboSys/ros2_ws/src/install/mypkg/lib/python3.6/site-packages/mypkg
[1.278s] copying /home/oda/RoboSys/ros2_ws/src/build/mypkg/build/lib/mypkg/listener.py -> /home/oda/RoboSys/ros2_ws/src/install/mypkg/lib/python3.6/site-packages/mypkg
[1.278s] copying /home/oda/RoboSys/ros2_ws/src/build/mypkg/build/lib/mypkg/__init__.py -> /home/oda/RoboSys/ros2_ws/src/install/mypkg/lib/python3.6/site-packages/mypkg
[1.279s] byte-compiling /home/oda/RoboSys/ros2_ws/src/install/mypkg/lib/python3.6/site-packages/mypkg/talker.py to talker.cpython-36.pyc
[1.280s] byte-compiling /home/oda/RoboSys/ros2_ws/src/install/mypkg/lib/python3.6/site-packages/mypkg/listener.py to listener.cpython-36.pyc
[1.280s] byte-compiling /home/oda/RoboSys/ros2_ws/src/install/mypkg/lib/python3.6/site-packages/mypkg/__init__.py to __init__.cpython-36.pyc
[1.280s] running install_data
[1.281s] creating /home/oda/RoboSys/ros2_ws/src/install/mypkg/share/ament_index
[1.281s] creating /home/oda/RoboSys/ros2_ws/src/install/mypkg/share/ament_index/resource_index
[1.282s] creating /home/oda/RoboSys/ros2_ws/src/install/mypkg/share/ament_index/resource_index/packages
[1.282s] copying resource/mypkg -> /home/oda/RoboSys/ros2_ws/src/install/mypkg/share/ament_index/resource_index/packages
[1.282s] copying package.xml -> /home/oda/RoboSys/ros2_ws/src/install/mypkg/share/mypkg
[1.282s] running install_egg_info
[1.285s] Copying ../build/mypkg/mypkg.egg-info to /home/oda/RoboSys/ros2_ws/src/install/mypkg/lib/python3.6/site-packages/mypkg-0.0.0-py3.6.egg-info
[1.285s] running install_scripts
[1.311s] Installing listener script to /home/oda/RoboSys/ros2_ws/src/install/mypkg/lib/mypkg
[1.311s] Installing talker script to /home/oda/RoboSys/ros2_ws/src/install/mypkg/lib/mypkg
[1.311s] writing list of installed files to '/home/oda/RoboSys/ros2_ws/src/build/mypkg/install.log'
[1.342s] Invoked command in '/home/oda/RoboSys/ros2_ws/src/mypkg' returned '0': PYTHONPATH=/home/oda/RoboSys/ros2_ws/src/install/mypkg/lib/python3.6/site-packages:${PYTHONPATH} /usr/bin/python3 setup.py egg_info --egg-base ../build/mypkg build --build-base /home/oda/RoboSys/ros2_ws/src/build/mypkg/build install --prefix /home/oda/RoboSys/ros2_ws/src/install/mypkg --record /home/oda/RoboSys/ros2_ws/src/build/mypkg/install.log --single-version-externally-managed
