[0.445s] DEBUG:colcon:Command line arguments: ['/usr/bin/colcon', 'build']
[0.445s] DEBUG:colcon:Parsed command line arguments: Namespace(allow_overriding=[], ament_cmake_args=None, base_paths=['.'], build_base='build', catkin_cmake_args=None, catkin_skip_building_tests=False, cmake_args=None, cmake_clean_cache=False, cmake_clean_first=False, cmake_force_configure=False, cmake_target=None, cmake_target_skip_unavailable=False, continue_on_error=False, event_handlers=None, executor='parallel', ignore_user_meta=False, install_base='install', log_base=None, log_level=None, main=<bound method BuildVerb.main of <colcon_core.verb.build.BuildVerb object at 0x7f371d9c69b0>>, merge_install=False, metas=['./colcon.meta'], packages_above=None, packages_above_and_dependencies=None, packages_above_depth=None, packages_end=None, packages_ignore=None, packages_ignore_regex=None, packages_select=None, packages_select_build_failed=False, packages_select_by_dep=None, packages_select_regex=None, packages_select_test_failures=False, packages_skip=None, packages_skip_build_finished=False, packages_skip_by_dep=None, packages_skip_regex=None, packages_skip_test_passed=False, packages_skip_up_to=None, packages_start=None, packages_up_to=None, packages_up_to_regex=None, parallel_workers=8, paths=None, symlink_install=False, test_result_base=None, verb_extension=<colcon_core.verb.build.BuildVerb object at 0x7f371d9c69b0>, verb_name='build', verb_parser=<colcon_defaults.argument_parser.defaults.DefaultArgumentsDecorator object at 0x7f371d9c6d68>)
[0.473s] Level 1:colcon.colcon_core.package_discovery:discover_packages(colcon_meta) check parameters
[0.473s] Level 1:colcon.colcon_core.package_discovery:discover_packages(recursive) check parameters
[0.473s] Level 1:colcon.colcon_core.package_discovery:discover_packages(ignore) check parameters
[0.473s] Level 1:colcon.colcon_core.package_discovery:discover_packages(path) check parameters
[0.473s] Level 1:colcon.colcon_core.package_discovery:discover_packages(colcon_meta) discover
[0.474s] Level 1:colcon.colcon_core.package_discovery:discover_packages(recursive) discover
[0.474s] INFO:colcon.colcon_core.package_discovery:Crawling recursively for packages in '/home/oda/RoboSys/ros2_ws'
[0.474s] Level 1:colcon.colcon_core.package_identification:_identify(.) by extensions ['ignore', 'ignore_ament_install']
[0.474s] Level 1:colcon.colcon_core.package_identification:_identify(.) by extension 'ignore'
[0.474s] Level 1:colcon.colcon_core.package_identification:_identify(.) by extension 'ignore_ament_install'
[0.474s] Level 1:colcon.colcon_core.package_identification:_identify(.) by extensions ['colcon_pkg']
[0.474s] Level 1:colcon.colcon_core.package_identification:_identify(.) by extension 'colcon_pkg'
[0.474s] Level 1:colcon.colcon_core.package_identification:_identify(.) by extensions ['colcon_meta']
[0.474s] Level 1:colcon.colcon_core.package_identification:_identify(.) by extension 'colcon_meta'
[0.474s] Level 1:colcon.colcon_core.package_identification:_identify(.) by extensions ['ros']
[0.474s] Level 1:colcon.colcon_core.package_identification:_identify(.) by extension 'ros'
[0.501s] Level 1:colcon.colcon_core.package_identification:_identify(.) by extensions ['cmake', 'python']
[0.501s] Level 1:colcon.colcon_core.package_identification:_identify(.) by extension 'cmake'
[0.502s] Level 1:colcon.colcon_core.package_identification:_identify(.) by extension 'python'
[0.502s] Level 1:colcon.colcon_core.package_identification:_identify(.) by extensions ['python_setup_py']
[0.502s] Level 1:colcon.colcon_core.package_identification:_identify(.) by extension 'python_setup_py'
[0.502s] Level 1:colcon.colcon_core.package_identification:_identify(build) by extensions ['ignore', 'ignore_ament_install']
[0.502s] Level 1:colcon.colcon_core.package_identification:_identify(build) by extension 'ignore'
[0.502s] Level 1:colcon.colcon_core.package_identification:_identify(build) ignored
[0.503s] Level 1:colcon.colcon_core.package_identification:_identify(install) by extensions ['ignore', 'ignore_ament_install']
[0.503s] Level 1:colcon.colcon_core.package_identification:_identify(install) by extension 'ignore'
[0.503s] Level 1:colcon.colcon_core.package_identification:_identify(install) ignored
[0.503s] Level 1:colcon.colcon_core.package_identification:_identify(log) by extensions ['ignore', 'ignore_ament_install']
[0.503s] Level 1:colcon.colcon_core.package_identification:_identify(log) by extension 'ignore'
[0.503s] Level 1:colcon.colcon_core.package_identification:_identify(log) ignored
[0.504s] Level 1:colcon.colcon_core.package_identification:_identify(src) by extensions ['ignore', 'ignore_ament_install']
[0.504s] Level 1:colcon.colcon_core.package_identification:_identify(src) by extension 'ignore'
[0.504s] Level 1:colcon.colcon_core.package_identification:_identify(src) by extension 'ignore_ament_install'
[0.504s] Level 1:colcon.colcon_core.package_identification:_identify(src) by extensions ['colcon_pkg']
[0.504s] Level 1:colcon.colcon_core.package_identification:_identify(src) by extension 'colcon_pkg'
[0.504s] Level 1:colcon.colcon_core.package_identification:_identify(src) by extensions ['colcon_meta']
[0.504s] Level 1:colcon.colcon_core.package_identification:_identify(src) by extension 'colcon_meta'
[0.504s] Level 1:colcon.colcon_core.package_identification:_identify(src) by extensions ['ros']
[0.504s] Level 1:colcon.colcon_core.package_identification:_identify(src) by extension 'ros'
[0.504s] Level 1:colcon.colcon_core.package_identification:_identify(src) by extensions ['cmake', 'python']
[0.504s] Level 1:colcon.colcon_core.package_identification:_identify(src) by extension 'cmake'
[0.504s] Level 1:colcon.colcon_core.package_identification:_identify(src) by extension 'python'
[0.505s] Level 1:colcon.colcon_core.package_identification:_identify(src) by extensions ['python_setup_py']
[0.505s] Level 1:colcon.colcon_core.package_identification:_identify(src) by extension 'python_setup_py'
[0.505s] Level 1:colcon.colcon_core.package_identification:_identify(src/build) by extensions ['ignore', 'ignore_ament_install']
[0.505s] Level 1:colcon.colcon_core.package_identification:_identify(src/build) by extension 'ignore'
[0.505s] Level 1:colcon.colcon_core.package_identification:_identify(src/build) ignored
[0.505s] Level 1:colcon.colcon_core.package_identification:_identify(src/install) by extensions ['ignore', 'ignore_ament_install']
[0.505s] Level 1:colcon.colcon_core.package_identification:_identify(src/install) by extension 'ignore'
[0.505s] Level 1:colcon.colcon_core.package_identification:_identify(src/install) ignored
[0.505s] Level 1:colcon.colcon_core.package_identification:_identify(src/log) by extensions ['ignore', 'ignore_ament_install']
[0.506s] Level 1:colcon.colcon_core.package_identification:_identify(src/log) by extension 'ignore'
[0.506s] Level 1:colcon.colcon_core.package_identification:_identify(src/log) ignored
[0.506s] Level 1:colcon.colcon_core.package_identification:_identify(src/mypkg) by extensions ['ignore', 'ignore_ament_install']
[0.506s] Level 1:colcon.colcon_core.package_identification:_identify(src/mypkg) by extension 'ignore'
[0.506s] Level 1:colcon.colcon_core.package_identification:_identify(src/mypkg) by extension 'ignore_ament_install'
[0.506s] Level 1:colcon.colcon_core.package_identification:_identify(src/mypkg) by extensions ['colcon_pkg']
[0.506s] Level 1:colcon.colcon_core.package_identification:_identify(src/mypkg) by extension 'colcon_pkg'
[0.506s] Level 1:colcon.colcon_core.package_identification:_identify(src/mypkg) by extensions ['colcon_meta']
[0.506s] Level 1:colcon.colcon_core.package_identification:_identify(src/mypkg) by extension 'colcon_meta'
[0.506s] Level 1:colcon.colcon_core.package_identification:_identify(src/mypkg) by extensions ['ros']
[0.506s] Level 1:colcon.colcon_core.package_identification:_identify(src/mypkg) by extension 'ros'
[0.511s] DEBUG:colcon.colcon_core.package_identification:Package 'src/mypkg' with type 'ros.ament_python' and name 'mypkg'
[0.511s] Level 1:colcon.colcon_core.package_discovery:discover_packages(recursive) using defaults
[0.511s] Level 1:colcon.colcon_core.package_discovery:discover_packages(ignore) discover
[0.511s] Level 1:colcon.colcon_core.package_discovery:discover_packages(ignore) using defaults
[0.512s] Level 1:colcon.colcon_core.package_discovery:discover_packages(path) discover
[0.512s] Level 1:colcon.colcon_core.package_discovery:discover_packages(path) using defaults
[0.540s] Level 1:colcon.colcon_core.package_discovery:discover_packages(prefix_path) check parameters
[0.540s] Level 1:colcon.colcon_core.package_discovery:discover_packages(prefix_path) discover
[0.545s] DEBUG:colcon.colcon_installed_package_information.package_discovery:Found 1 installed packages in /home/oda/RoboSys/ros2_ws/install
[0.547s] DEBUG:colcon.colcon_installed_package_information.package_discovery:Found 215 installed packages in /opt/ros/dashing
[0.550s] Level 1:colcon.colcon_core.package_discovery:discover_packages(prefix_path) using defaults
[0.623s] Level 5:colcon.colcon_core.verb:set package 'mypkg' build argument 'cmake_args' from command line to 'None'
[0.623s] Level 5:colcon.colcon_core.verb:set package 'mypkg' build argument 'cmake_target' from command line to 'None'
[0.623s] Level 5:colcon.colcon_core.verb:set package 'mypkg' build argument 'cmake_target_skip_unavailable' from command line to 'False'
[0.623s] Level 5:colcon.colcon_core.verb:set package 'mypkg' build argument 'cmake_clean_cache' from command line to 'False'
[0.623s] Level 5:colcon.colcon_core.verb:set package 'mypkg' build argument 'cmake_clean_first' from command line to 'False'
[0.623s] Level 5:colcon.colcon_core.verb:set package 'mypkg' build argument 'cmake_force_configure' from command line to 'False'
[0.623s] Level 5:colcon.colcon_core.verb:set package 'mypkg' build argument 'ament_cmake_args' from command line to 'None'
[0.623s] Level 5:colcon.colcon_core.verb:set package 'mypkg' build argument 'catkin_cmake_args' from command line to 'None'
[0.623s] Level 5:colcon.colcon_core.verb:set package 'mypkg' build argument 'catkin_skip_building_tests' from command line to 'False'
[0.623s] DEBUG:colcon.colcon_core.verb:Building package 'mypkg' with the following arguments: {'ament_cmake_args': None, 'build_base': '/home/oda/RoboSys/ros2_ws/build/mypkg', 'catkin_cmake_args': None, 'catkin_skip_building_tests': False, 'cmake_args': None, 'cmake_clean_cache': False, 'cmake_clean_first': False, 'cmake_force_configure': False, 'cmake_target': None, 'cmake_target_skip_unavailable': False, 'install_base': '/home/oda/RoboSys/ros2_ws/install/mypkg', 'merge_install': False, 'path': '/home/oda/RoboSys/ros2_ws/src/mypkg', 'symlink_install': False, 'test_result_base': None}
[0.624s] INFO:colcon.colcon_core.executor:Executing jobs using 'parallel' executor
[0.629s] DEBUG:colcon.colcon_parallel_executor.executor.parallel:run_until_complete
[0.629s] INFO:colcon.colcon_ros.task.ament_python.build:Building ROS package in '/home/oda/RoboSys/ros2_ws/src/mypkg' with build type 'ament_python'
[0.629s] Level 1:colcon.colcon_core.shell:create_environment_hook('mypkg', 'ament_prefix_path')
[0.636s] INFO:colcon.colcon_core.plugin_system:Skipping extension 'colcon_core.shell.bat': Not used on non-Windows systems
[0.636s] INFO:colcon.colcon_core.shell:Creating environment hook '/home/oda/RoboSys/ros2_ws/install/mypkg/share/mypkg/hook/ament_prefix_path.ps1'
[0.637s] INFO:colcon.colcon_core.shell:Creating environment descriptor '/home/oda/RoboSys/ros2_ws/install/mypkg/share/mypkg/hook/ament_prefix_path.dsv'
[0.637s] INFO:colcon.colcon_core.shell:Creating environment hook '/home/oda/RoboSys/ros2_ws/install/mypkg/share/mypkg/hook/ament_prefix_path.sh'
[0.639s] INFO:colcon.colcon_core.shell:Skip shell extension 'powershell' for command environment: Not usable outside of PowerShell
[0.639s] DEBUG:colcon.colcon_core.shell:Skip shell extension 'dsv' for command environment
[0.895s] INFO:colcon.colcon_core.task.python.build:Building Python package in '/home/oda/RoboSys/ros2_ws/src/mypkg'
[0.897s] INFO:colcon.colcon_core.shell:Skip shell extension 'powershell' for command environment: Not usable outside of PowerShell
[0.897s] DEBUG:colcon.colcon_core.shell:Skip shell extension 'dsv' for command environment
[1.299s] DEBUG:colcon.colcon_core.event_handler.log_command:Invoking command in '/home/oda/RoboSys/ros2_ws/src/mypkg': PYTHONPATH=/home/oda/RoboSys/ros2_ws/install/mypkg/lib/python3.6/site-packages:${PYTHONPATH} /usr/bin/python3 setup.py egg_info --egg-base ../../build/mypkg build --build-base /home/oda/RoboSys/ros2_ws/build/mypkg/build install --prefix /home/oda/RoboSys/ros2_ws/install/mypkg --record /home/oda/RoboSys/ros2_ws/build/mypkg/install.log --single-version-externally-managed
[1.648s] DEBUG:colcon.colcon_core.event_handler.log_command:Invoked command in '/home/oda/RoboSys/ros2_ws/src/mypkg' returned '0': PYTHONPATH=/home/oda/RoboSys/ros2_ws/install/mypkg/lib/python3.6/site-packages:${PYTHONPATH} /usr/bin/python3 setup.py egg_info --egg-base ../../build/mypkg build --build-base /home/oda/RoboSys/ros2_ws/build/mypkg/build install --prefix /home/oda/RoboSys/ros2_ws/install/mypkg --record /home/oda/RoboSys/ros2_ws/build/mypkg/install.log --single-version-externally-managed
[1.655s] Level 1:colcon.colcon_core.environment:checking '/home/oda/RoboSys/ros2_ws/install/mypkg' for CMake module files
[1.656s] Level 1:colcon.colcon_core.environment:checking '/home/oda/RoboSys/ros2_ws/install/mypkg' for CMake config files
[1.657s] Level 1:colcon.colcon_core.environment:checking '/home/oda/RoboSys/ros2_ws/install/mypkg/lib'
[1.658s] Level 1:colcon.colcon_core.environment:checking '/home/oda/RoboSys/ros2_ws/install/mypkg/bin'
[1.658s] Level 1:colcon.colcon_core.environment:checking '/home/oda/RoboSys/ros2_ws/install/mypkg/lib/pkgconfig/mypkg.pc'
[1.658s] Level 1:colcon.colcon_core.environment:checking '/home/oda/RoboSys/ros2_ws/install/mypkg/lib/python3.6/site-packages'
[1.658s] Level 1:colcon.colcon_core.shell:create_environment_hook('mypkg', 'pythonpath')
[1.660s] INFO:colcon.colcon_core.shell:Creating environment hook '/home/oda/RoboSys/ros2_ws/install/mypkg/share/mypkg/hook/pythonpath.ps1'
[1.662s] INFO:colcon.colcon_core.shell:Creating environment descriptor '/home/oda/RoboSys/ros2_ws/install/mypkg/share/mypkg/hook/pythonpath.dsv'
[1.663s] INFO:colcon.colcon_core.shell:Creating environment hook '/home/oda/RoboSys/ros2_ws/install/mypkg/share/mypkg/hook/pythonpath.sh'
[1.664s] Level 1:colcon.colcon_core.environment:checking '/home/oda/RoboSys/ros2_ws/install/mypkg/bin'
[1.664s] Level 1:colcon.colcon_core.environment:create_environment_scripts_only(mypkg)
[1.667s] INFO:colcon.colcon_core.shell:Creating package script '/home/oda/RoboSys/ros2_ws/install/mypkg/share/mypkg/package.ps1'
[1.669s] INFO:colcon.colcon_core.shell:Creating package descriptor '/home/oda/RoboSys/ros2_ws/install/mypkg/share/mypkg/package.dsv'
[1.670s] INFO:colcon.colcon_core.shell:Creating package script '/home/oda/RoboSys/ros2_ws/install/mypkg/share/mypkg/package.sh'
[1.672s] INFO:colcon.colcon_core.shell:Creating package script '/home/oda/RoboSys/ros2_ws/install/mypkg/share/mypkg/package.bash'
[1.673s] INFO:colcon.colcon_core.shell:Creating package script '/home/oda/RoboSys/ros2_ws/install/mypkg/share/mypkg/package.zsh'
[1.674s] Level 1:colcon.colcon_core.environment:create_file_with_runtime_dependencies(/home/oda/RoboSys/ros2_ws/install/mypkg/share/colcon-core/packages/mypkg)
[1.676s] DEBUG:colcon.colcon_parallel_executor.executor.parallel:closing loop
[1.676s] DEBUG:colcon.colcon_parallel_executor.executor.parallel:loop closed
[1.677s] DEBUG:colcon.colcon_parallel_executor.executor.parallel:run_until_complete finished with '0'
[1.677s] DEBUG:colcon.colcon_core.event_reactor:joining thread
[1.788s] INFO:colcon.colcon_core.plugin_system:Skipping extension 'colcon_notification.desktop_notification.notify_send': Could not find 'notify-send'
[1.788s] INFO:colcon.colcon_core.plugin_system:Skipping extension 'colcon_notification.desktop_notification.terminal_notifier': Not used on non-Darwin systems
[1.788s] INFO:colcon.colcon_core.plugin_system:Skipping extension 'colcon_notification.desktop_notification.win32': Not used on non-Windows systems
[1.788s] INFO:colcon.colcon_notification.desktop_notification:Sending desktop notification using 'notify2'
[1.796s] DEBUG:colcon.colcon_notification.desktop_notification.notify2:Failed to initialize notify2: org.freedesktop.DBus.Error.ServiceUnknown: The name org.freedesktop.Notifications was not provided by any .service files
[1.797s] DEBUG:colcon.colcon_core.event_reactor:joined thread
[1.800s] INFO:colcon.colcon_core.shell:Creating prefix script '/home/oda/RoboSys/ros2_ws/install/local_setup.ps1'
[1.802s] INFO:colcon.colcon_core.shell:Creating prefix util module '/home/oda/RoboSys/ros2_ws/install/_local_setup_util_ps1.py'
[1.804s] INFO:colcon.colcon_core.shell:Creating prefix chain script '/home/oda/RoboSys/ros2_ws/install/setup.ps1'
[1.807s] INFO:colcon.colcon_core.shell:Creating prefix script '/home/oda/RoboSys/ros2_ws/install/local_setup.sh'
[1.808s] INFO:colcon.colcon_core.shell:Creating prefix util module '/home/oda/RoboSys/ros2_ws/install/_local_setup_util_sh.py'
[1.808s] INFO:colcon.colcon_core.shell:Creating prefix chain script '/home/oda/RoboSys/ros2_ws/install/setup.sh'
[1.811s] INFO:colcon.colcon_core.shell:Creating prefix script '/home/oda/RoboSys/ros2_ws/install/local_setup.bash'
[1.812s] INFO:colcon.colcon_core.shell:Creating prefix chain script '/home/oda/RoboSys/ros2_ws/install/setup.bash'
[1.814s] INFO:colcon.colcon_core.shell:Creating prefix script '/home/oda/RoboSys/ros2_ws/install/local_setup.zsh'
[1.814s] INFO:colcon.colcon_core.shell:Creating prefix chain script '/home/oda/RoboSys/ros2_ws/install/setup.zsh'
