[0.615s] Invoking command in '/home/oda/RoboSys/ros2_ws/src/mypkg': PYTHONPATH=/home/oda/RoboSys/ros2_ws/install/mypkg/lib/python3.6/site-packages:${PYTHONPATH} /usr/bin/python3 setup.py egg_info --egg-base ../../build/mypkg build --build-base /home/oda/RoboSys/ros2_ws/build/mypkg/build install --prefix /home/oda/RoboSys/ros2_ws/install/mypkg --record /home/oda/RoboSys/ros2_ws/build/mypkg/install.log --single-version-externally-managed
[0.808s] running egg_info
[0.809s] writing ../../build/mypkg/mypkg.egg-info/PKG-INFO
[0.809s] writing dependency_links to ../../build/mypkg/mypkg.egg-info/dependency_links.txt
[0.809s] writing entry points to ../../build/mypkg/mypkg.egg-info/entry_points.txt
[0.809s] writing requirements to ../../build/mypkg/mypkg.egg-info/requires.txt
[0.810s] writing top-level names to ../../build/mypkg/mypkg.egg-info/top_level.txt
[0.845s] reading manifest file '../../build/mypkg/mypkg.egg-info/SOURCES.txt'
[0.846s] writing manifest file '../../build/mypkg/mypkg.egg-info/SOURCES.txt'
[0.846s] running build
[0.847s] running build_py
[0.847s] copying mypkg/listener.py -> /home/oda/RoboSys/ros2_ws/build/mypkg/build/lib/mypkg
[0.847s] running install
[0.848s] running install_lib
[0.849s] copying /home/oda/RoboSys/ros2_ws/build/mypkg/build/lib/mypkg/listener.py -> /home/oda/RoboSys/ros2_ws/install/mypkg/lib/python3.6/site-packages/mypkg
[0.849s] byte-compiling /home/oda/RoboSys/ros2_ws/install/mypkg/lib/python3.6/site-packages/mypkg/listener.py to listener.cpython-36.pyc
[0.850s] running install_data
[0.850s] running install_egg_info
[0.853s] removing '/home/oda/RoboSys/ros2_ws/install/mypkg/lib/python3.6/site-packages/mypkg-0.0.0-py3.6.egg-info' (and everything under it)
[0.853s] Copying ../../build/mypkg/mypkg.egg-info to /home/oda/RoboSys/ros2_ws/install/mypkg/lib/python3.6/site-packages/mypkg-0.0.0-py3.6.egg-info
[0.854s] running install_scripts
[0.876s] Installing listener script to /home/oda/RoboSys/ros2_ws/install/mypkg/lib/mypkg
[0.876s] Installing talker script to /home/oda/RoboSys/ros2_ws/install/mypkg/lib/mypkg
[0.876s] writing list of installed files to '/home/oda/RoboSys/ros2_ws/build/mypkg/install.log'
[0.898s] Invoked command in '/home/oda/RoboSys/ros2_ws/src/mypkg' returned '0': PYTHONPATH=/home/oda/RoboSys/ros2_ws/install/mypkg/lib/python3.6/site-packages:${PYTHONPATH} /usr/bin/python3 setup.py egg_info --egg-base ../../build/mypkg build --build-base /home/oda/RoboSys/ros2_ws/build/mypkg/build install --prefix /home/oda/RoboSys/ros2_ws/install/mypkg --record /home/oda/RoboSys/ros2_ws/build/mypkg/install.log --single-version-externally-managed
