[0.768s] Invoking command in '/home/oda/RoboSys/ros2_ws/src/mypkg': PYTHONPATH=/home/oda/RoboSys/ros2_ws/install/mypkg/lib/python3.6/site-packages:${PYTHONPATH} /usr/bin/python3 setup.py egg_info --egg-base ../../build/mypkg build --build-base /home/oda/RoboSys/ros2_ws/build/mypkg/build install --prefix /home/oda/RoboSys/ros2_ws/install/mypkg --record /home/oda/RoboSys/ros2_ws/build/mypkg/install.log --single-version-externally-managed
[1.045s] running egg_info
[1.046s] writing ../../build/mypkg/mypkg.egg-info/PKG-INFO
[1.046s] writing dependency_links to ../../build/mypkg/mypkg.egg-info/dependency_links.txt
[1.047s] writing entry points to ../../build/mypkg/mypkg.egg-info/entry_points.txt
[1.047s] writing requirements to ../../build/mypkg/mypkg.egg-info/requires.txt
[1.047s] writing top-level names to ../../build/mypkg/mypkg.egg-info/top_level.txt
[1.092s] reading manifest file '../../build/mypkg/mypkg.egg-info/SOURCES.txt'
[1.093s] writing manifest file '../../build/mypkg/mypkg.egg-info/SOURCES.txt'
[1.094s] running build
[1.094s] running build_py
[1.094s] running install
[1.095s] running install_lib
[1.096s] running install_data
[1.097s] copying launch/talk_listen.launch.py -> /home/oda/RoboSys/ros2_ws/install/mypkg/share/mypkg
[1.097s] running install_egg_info
[1.101s] removing '/home/oda/RoboSys/ros2_ws/install/mypkg/lib/python3.6/site-packages/mypkg-0.0.0-py3.6.egg-info' (and everything under it)
[1.102s] Copying ../../build/mypkg/mypkg.egg-info to /home/oda/RoboSys/ros2_ws/install/mypkg/lib/python3.6/site-packages/mypkg-0.0.0-py3.6.egg-info
[1.103s] running install_scripts
[1.131s] Installing listener script to /home/oda/RoboSys/ros2_ws/install/mypkg/lib/mypkg
[1.132s] Installing talker script to /home/oda/RoboSys/ros2_ws/install/mypkg/lib/mypkg
[1.132s] writing list of installed files to '/home/oda/RoboSys/ros2_ws/build/mypkg/install.log'
[1.156s] Invoked command in '/home/oda/RoboSys/ros2_ws/src/mypkg' returned '0': PYTHONPATH=/home/oda/RoboSys/ros2_ws/install/mypkg/lib/python3.6/site-packages:${PYTHONPATH} /usr/bin/python3 setup.py egg_info --egg-base ../../build/mypkg build --build-base /home/oda/RoboSys/ros2_ws/build/mypkg/build install --prefix /home/oda/RoboSys/ros2_ws/install/mypkg --record /home/oda/RoboSys/ros2_ws/build/mypkg/install.log --single-version-externally-managed
