[0.681s] Invoking command in '/home/oda/RoboSys/ros2_ws/src/mypkg': PYTHONPATH=/home/oda/RoboSys/ros2_ws/src/mypkg/install/mypkg/lib/python3.6/site-packages:${PYTHONPATH} /usr/bin/python3 setup.py egg_info --egg-base build/mypkg build --build-base /home/oda/RoboSys/ros2_ws/src/mypkg/build/mypkg/build install --prefix /home/oda/RoboSys/ros2_ws/src/mypkg/install/mypkg --record /home/oda/RoboSys/ros2_ws/src/mypkg/build/mypkg/install.log --single-version-externally-managed
[0.955s] running egg_info
[0.955s] writing build/mypkg/mypkg.egg-info/PKG-INFO
[0.955s] writing dependency_links to build/mypkg/mypkg.egg-info/dependency_links.txt
[0.956s] writing entry points to build/mypkg/mypkg.egg-info/entry_points.txt
[0.956s] writing requirements to build/mypkg/mypkg.egg-info/requires.txt
[0.956s] writing top-level names to build/mypkg/mypkg.egg-info/top_level.txt
[0.994s] reading manifest file 'build/mypkg/mypkg.egg-info/SOURCES.txt'
[0.995s] writing manifest file 'build/mypkg/mypkg.egg-info/SOURCES.txt'
[0.996s] running build
[0.996s] running build_py
[0.996s] running install
[0.996s] running install_lib
[0.998s] running install_data
[0.998s] copying launch/talk_listen.launch.py -> /home/oda/RoboSys/ros2_ws/src/mypkg/install/mypkg/share/mypkg
[0.998s] running install_egg_info
[1.000s] removing '/home/oda/RoboSys/ros2_ws/src/mypkg/install/mypkg/lib/python3.6/site-packages/mypkg-0.0.0-py3.6.egg-info' (and everything under it)
[1.000s] Copying build/mypkg/mypkg.egg-info to /home/oda/RoboSys/ros2_ws/src/mypkg/install/mypkg/lib/python3.6/site-packages/mypkg-0.0.0-py3.6.egg-info
[1.001s] running install_scripts
[1.025s] Installing listener script to /home/oda/RoboSys/ros2_ws/src/mypkg/install/mypkg/lib/mypkg
[1.025s] Installing talker script to /home/oda/RoboSys/ros2_ws/src/mypkg/install/mypkg/lib/mypkg
[1.025s] writing list of installed files to '/home/oda/RoboSys/ros2_ws/src/mypkg/build/mypkg/install.log'
[1.050s] Invoked command in '/home/oda/RoboSys/ros2_ws/src/mypkg' returned '0': PYTHONPATH=/home/oda/RoboSys/ros2_ws/src/mypkg/install/mypkg/lib/python3.6/site-packages:${PYTHONPATH} /usr/bin/python3 setup.py egg_info --egg-base build/mypkg build --build-base /home/oda/RoboSys/ros2_ws/src/mypkg/build/mypkg/build install --prefix /home/oda/RoboSys/ros2_ws/src/mypkg/install/mypkg --record /home/oda/RoboSys/ros2_ws/src/mypkg/build/mypkg/install.log --single-version-externally-managed
