[0.680s] Invoking command in '/home/oda/RoboSys/ros2_ws/src/mypkg': PYTHONPATH=/home/oda/RoboSys/ros2_ws/install/mypkg/lib/python3.6/site-packages:${PYTHONPATH} /usr/bin/python3 setup.py egg_info --egg-base ../../build/mypkg build --build-base /home/oda/RoboSys/ros2_ws/build/mypkg/build install --prefix /home/oda/RoboSys/ros2_ws/install/mypkg --record /home/oda/RoboSys/ros2_ws/build/mypkg/install.log --single-version-externally-managed
[0.918s] running egg_info
[0.919s] writing ../../build/mypkg/mypkg.egg-info/PKG-INFO
[0.920s] writing dependency_links to ../../build/mypkg/mypkg.egg-info/dependency_links.txt
[0.920s] writing entry points to ../../build/mypkg/mypkg.egg-info/entry_points.txt
[0.920s] writing requirements to ../../build/mypkg/mypkg.egg-info/requires.txt
[0.920s] writing top-level names to ../../build/mypkg/mypkg.egg-info/top_level.txt
[0.959s] reading manifest file '../../build/mypkg/mypkg.egg-info/SOURCES.txt'
[0.961s] writing manifest file '../../build/mypkg/mypkg.egg-info/SOURCES.txt'
[0.961s] running build
[0.961s] running build_py
[0.962s] running install
[0.962s] running install_lib
[0.964s] running install_data
[0.965s] running install_egg_info
[0.968s] removing '/home/oda/RoboSys/ros2_ws/install/mypkg/lib/python3.6/site-packages/mypkg-0.0.0-py3.6.egg-info' (and everything under it)
[0.968s] Copying ../../build/mypkg/mypkg.egg-info to /home/oda/RoboSys/ros2_ws/install/mypkg/lib/python3.6/site-packages/mypkg-0.0.0-py3.6.egg-info
[0.970s] running install_scripts
[1.000s] Installing listener script to /home/oda/RoboSys/ros2_ws/install/mypkg/lib/mypkg
[1.000s] Installing talker script to /home/oda/RoboSys/ros2_ws/install/mypkg/lib/mypkg
[1.001s] writing list of installed files to '/home/oda/RoboSys/ros2_ws/build/mypkg/install.log'
[1.023s] Invoked command in '/home/oda/RoboSys/ros2_ws/src/mypkg' returned '0': PYTHONPATH=/home/oda/RoboSys/ros2_ws/install/mypkg/lib/python3.6/site-packages:${PYTHONPATH} /usr/bin/python3 setup.py egg_info --egg-base ../../build/mypkg build --build-base /home/oda/RoboSys/ros2_ws/build/mypkg/build install --prefix /home/oda/RoboSys/ros2_ws/install/mypkg --record /home/oda/RoboSys/ros2_ws/build/mypkg/install.log --single-version-externally-managed
