[0.456s] Invoking command in '/home/oda/RoboSys/ros2_ws/src/mypkg': PYTHONPATH=/home/oda/RoboSys/ros2_ws/install/mypkg/lib/python3.6/site-packages:${PYTHONPATH} /usr/bin/python3 setup.py egg_info --egg-base ../../build/mypkg build --build-base /home/oda/RoboSys/ros2_ws/build/mypkg/build install --prefix /home/oda/RoboSys/ros2_ws/install/mypkg --record /home/oda/RoboSys/ros2_ws/build/mypkg/install.log --single-version-externally-managed
[0.566s] running egg_info
[0.566s] creating ../../build/mypkg/mypkg.egg-info
[0.566s] writing ../../build/mypkg/mypkg.egg-info/PKG-INFO
[0.566s] writing dependency_links to ../../build/mypkg/mypkg.egg-info/dependency_links.txt
[0.567s] writing entry points to ../../build/mypkg/mypkg.egg-info/entry_points.txt
[0.567s] writing requirements to ../../build/mypkg/mypkg.egg-info/requires.txt
[0.567s] writing top-level names to ../../build/mypkg/mypkg.egg-info/top_level.txt
[0.567s] writing manifest file '../../build/mypkg/mypkg.egg-info/SOURCES.txt'
[0.586s] reading manifest file '../../build/mypkg/mypkg.egg-info/SOURCES.txt'
[0.586s] writing manifest file '../../build/mypkg/mypkg.egg-info/SOURCES.txt'
[0.587s] running build
[0.587s] running build_py
[0.587s] creating /home/oda/RoboSys/ros2_ws/build/mypkg/build
[0.587s] creating /home/oda/RoboSys/ros2_ws/build/mypkg/build/lib
[0.587s] creating /home/oda/RoboSys/ros2_ws/build/mypkg/build/lib/mypkg
[0.587s] copying mypkg/__init__.py -> /home/oda/RoboSys/ros2_ws/build/mypkg/build/lib/mypkg
[0.588s] running install
[0.588s] running install_lib
[0.588s] creating /home/oda/RoboSys/ros2_ws/install/mypkg/lib/python3.6/site-packages/mypkg
[0.589s] copying /home/oda/RoboSys/ros2_ws/build/mypkg/build/lib/mypkg/__init__.py -> /home/oda/RoboSys/ros2_ws/install/mypkg/lib/python3.6/site-packages/mypkg
[0.589s] byte-compiling /home/oda/RoboSys/ros2_ws/install/mypkg/lib/python3.6/site-packages/mypkg/__init__.py to __init__.cpython-36.pyc
[0.589s] running install_data
[0.590s] creating /home/oda/RoboSys/ros2_ws/install/mypkg/share/ament_index
[0.590s] creating /home/oda/RoboSys/ros2_ws/install/mypkg/share/ament_index/resource_index
[0.590s] creating /home/oda/RoboSys/ros2_ws/install/mypkg/share/ament_index/resource_index/packages
[0.591s] copying resource/mypkg -> /home/oda/RoboSys/ros2_ws/install/mypkg/share/ament_index/resource_index/packages
[0.591s] copying package.xml -> /home/oda/RoboSys/ros2_ws/install/mypkg/share/mypkg
[0.591s] running install_egg_info
[0.592s] Copying ../../build/mypkg/mypkg.egg-info to /home/oda/RoboSys/ros2_ws/install/mypkg/lib/python3.6/site-packages/mypkg-0.0.0-py3.6.egg-info
[0.593s] running install_scripts
[0.604s] writing list of installed files to '/home/oda/RoboSys/ros2_ws/build/mypkg/install.log'
[0.618s] Invoked command in '/home/oda/RoboSys/ros2_ws/src/mypkg' returned '0': PYTHONPATH=/home/oda/RoboSys/ros2_ws/install/mypkg/lib/python3.6/site-packages:${PYTHONPATH} /usr/bin/python3 setup.py egg_info --egg-base ../../build/mypkg build --build-base /home/oda/RoboSys/ros2_ws/build/mypkg/build install --prefix /home/oda/RoboSys/ros2_ws/install/mypkg --record /home/oda/RoboSys/ros2_ws/build/mypkg/install.log --single-version-externally-managed
