[0.645s] Invoking command in '/home/oda/RoboSys/ros2_ws/src/mypkg': PYTHONPATH=/home/oda/RoboSys/ros2_ws/install/mypkg/lib/python3.6/site-packages:${PYTHONPATH} /usr/bin/python3 setup.py egg_info --egg-base ../../build/mypkg build --build-base /home/oda/RoboSys/ros2_ws/build/mypkg/build install --prefix /home/oda/RoboSys/ros2_ws/install/mypkg --record /home/oda/RoboSys/ros2_ws/build/mypkg/install.log --single-version-externally-managed
[0.903s] running egg_info
[0.904s] writing ../../build/mypkg/mypkg.egg-info/PKG-INFO
[0.904s] writing dependency_links to ../../build/mypkg/mypkg.egg-info/dependency_links.txt
[0.905s] writing entry points to ../../build/mypkg/mypkg.egg-info/entry_points.txt
[0.905s] writing requirements to ../../build/mypkg/mypkg.egg-info/requires.txt
[0.905s] writing top-level names to ../../build/mypkg/mypkg.egg-info/top_level.txt
[0.950s] reading manifest file '../../build/mypkg/mypkg.egg-info/SOURCES.txt'
[0.953s] writing manifest file '../../build/mypkg/mypkg.egg-info/SOURCES.txt'
[0.953s] running build
[0.953s] running build_py
[0.954s] running install
[0.954s] running install_lib
[0.957s] running install_data
[0.957s] copying launch/talk_listen.launch.py -> /home/oda/RoboSys/ros2_ws/install/mypkg/share/mypkg
[0.958s] running install_egg_info
[0.960s] removing '/home/oda/RoboSys/ros2_ws/install/mypkg/lib/python3.6/site-packages/mypkg-0.0.0-py3.6.egg-info' (and everything under it)
[0.960s] Copying ../../build/mypkg/mypkg.egg-info to /home/oda/RoboSys/ros2_ws/install/mypkg/lib/python3.6/site-packages/mypkg-0.0.0-py3.6.egg-info
[0.961s] running install_scripts
[0.984s] Installing listener script to /home/oda/RoboSys/ros2_ws/install/mypkg/lib/mypkg
[0.984s] Installing talker script to /home/oda/RoboSys/ros2_ws/install/mypkg/lib/mypkg
[0.984s] writing list of installed files to '/home/oda/RoboSys/ros2_ws/build/mypkg/install.log'
[1.012s] Invoked command in '/home/oda/RoboSys/ros2_ws/src/mypkg' returned '0': PYTHONPATH=/home/oda/RoboSys/ros2_ws/install/mypkg/lib/python3.6/site-packages:${PYTHONPATH} /usr/bin/python3 setup.py egg_info --egg-base ../../build/mypkg build --build-base /home/oda/RoboSys/ros2_ws/build/mypkg/build install --prefix /home/oda/RoboSys/ros2_ws/install/mypkg --record /home/oda/RoboSys/ros2_ws/build/mypkg/install.log --single-version-externally-managed
