[0.751s] Invoking command in '/home/oda/RoboSys/ros2_ws/src/mypkg': PYTHONPATH=/home/oda/RoboSys/ros2_ws/src/mypkg/install/mypkg/lib/python3.6/site-packages:${PYTHONPATH} /usr/bin/python3 setup.py egg_info --egg-base build/mypkg build --build-base /home/oda/RoboSys/ros2_ws/src/mypkg/build/mypkg/build install --prefix /home/oda/RoboSys/ros2_ws/src/mypkg/install/mypkg --record /home/oda/RoboSys/ros2_ws/src/mypkg/build/mypkg/install.log --single-version-externally-managed
[0.982s] running egg_info
[0.982s] creating build/mypkg/mypkg.egg-info
[0.982s] writing build/mypkg/mypkg.egg-info/PKG-INFO
[0.983s] writing dependency_links to build/mypkg/mypkg.egg-info/dependency_links.txt
[0.983s] writing entry points to build/mypkg/mypkg.egg-info/entry_points.txt
[0.983s] writing requirements to build/mypkg/mypkg.egg-info/requires.txt
[0.983s] writing top-level names to build/mypkg/mypkg.egg-info/top_level.txt
[0.983s] writing manifest file 'build/mypkg/mypkg.egg-info/SOURCES.txt'
[1.019s] reading manifest file 'build/mypkg/mypkg.egg-info/SOURCES.txt'
[1.021s] writing manifest file 'build/mypkg/mypkg.egg-info/SOURCES.txt'
[1.021s] running build
[1.021s] running build_py
[1.021s] creating /home/oda/RoboSys/ros2_ws/src/mypkg/build/mypkg/build
[1.022s] creating /home/oda/RoboSys/ros2_ws/src/mypkg/build/mypkg/build/lib
[1.022s] creating /home/oda/RoboSys/ros2_ws/src/mypkg/build/mypkg/build/lib/mypkg
[1.022s] copying mypkg/talker.py -> /home/oda/RoboSys/ros2_ws/src/mypkg/build/mypkg/build/lib/mypkg
[1.025s] copying mypkg/listener.py -> /home/oda/RoboSys/ros2_ws/src/mypkg/build/mypkg/build/lib/mypkg
[1.025s] copying mypkg/__init__.py -> /home/oda/RoboSys/ros2_ws/src/mypkg/build/mypkg/build/lib/mypkg
[1.026s] running install
[1.027s] running install_lib
[1.028s] creating /home/oda/RoboSys/ros2_ws/src/mypkg/install/mypkg/lib/python3.6/site-packages/mypkg
[1.028s] copying /home/oda/RoboSys/ros2_ws/src/mypkg/build/mypkg/build/lib/mypkg/talker.py -> /home/oda/RoboSys/ros2_ws/src/mypkg/install/mypkg/lib/python3.6/site-packages/mypkg
[1.029s] copying /home/oda/RoboSys/ros2_ws/src/mypkg/build/mypkg/build/lib/mypkg/listener.py -> /home/oda/RoboSys/ros2_ws/src/mypkg/install/mypkg/lib/python3.6/site-packages/mypkg
[1.029s] copying /home/oda/RoboSys/ros2_ws/src/mypkg/build/mypkg/build/lib/mypkg/__init__.py -> /home/oda/RoboSys/ros2_ws/src/mypkg/install/mypkg/lib/python3.6/site-packages/mypkg
[1.029s] byte-compiling /home/oda/RoboSys/ros2_ws/src/mypkg/install/mypkg/lib/python3.6/site-packages/mypkg/talker.py to talker.cpython-36.pyc
[1.030s] byte-compiling /home/oda/RoboSys/ros2_ws/src/mypkg/install/mypkg/lib/python3.6/site-packages/mypkg/listener.py to listener.cpython-36.pyc
[1.030s] byte-compiling /home/oda/RoboSys/ros2_ws/src/mypkg/install/mypkg/lib/python3.6/site-packages/mypkg/__init__.py to __init__.cpython-36.pyc
[1.031s] running install_data
[1.032s] creating /home/oda/RoboSys/ros2_ws/src/mypkg/install/mypkg/share/ament_index
[1.032s] creating /home/oda/RoboSys/ros2_ws/src/mypkg/install/mypkg/share/ament_index/resource_index
[1.032s] creating /home/oda/RoboSys/ros2_ws/src/mypkg/install/mypkg/share/ament_index/resource_index/packages
[1.032s] copying resource/mypkg -> /home/oda/RoboSys/ros2_ws/src/mypkg/install/mypkg/share/ament_index/resource_index/packages
[1.033s] copying package.xml -> /home/oda/RoboSys/ros2_ws/src/mypkg/install/mypkg/share/mypkg
[1.033s] running install_egg_info
[1.037s] Copying build/mypkg/mypkg.egg-info to /home/oda/RoboSys/ros2_ws/src/mypkg/install/mypkg/lib/python3.6/site-packages/mypkg-0.0.0-py3.6.egg-info
[1.038s] running install_scripts
[1.063s] Installing listener script to /home/oda/RoboSys/ros2_ws/src/mypkg/install/mypkg/lib/mypkg
[1.064s] Installing talker script to /home/oda/RoboSys/ros2_ws/src/mypkg/install/mypkg/lib/mypkg
[1.064s] writing list of installed files to '/home/oda/RoboSys/ros2_ws/src/mypkg/build/mypkg/install.log'
[1.089s] Invoked command in '/home/oda/RoboSys/ros2_ws/src/mypkg' returned '0': PYTHONPATH=/home/oda/RoboSys/ros2_ws/src/mypkg/install/mypkg/lib/python3.6/site-packages:${PYTHONPATH} /usr/bin/python3 setup.py egg_info --egg-base build/mypkg build --build-base /home/oda/RoboSys/ros2_ws/src/mypkg/build/mypkg/build install --prefix /home/oda/RoboSys/ros2_ws/src/mypkg/install/mypkg --record /home/oda/RoboSys/ros2_ws/src/mypkg/build/mypkg/install.log --single-version-externally-managed
