[0.334s] Invoking command in '/home/oda/RoboSys/ros2_ws/src/mypkg': PYTHONPATH=/home/oda/RoboSys/ros2_ws/install/mypkg/lib/python3.6/site-packages:${PYTHONPATH} /usr/bin/python3 setup.py egg_info --egg-base ../../build/mypkg build --build-base /home/oda/RoboSys/ros2_ws/build/mypkg/build install --prefix /home/oda/RoboSys/ros2_ws/install/mypkg --record /home/oda/RoboSys/ros2_ws/build/mypkg/install.log --single-version-externally-managed
[0.459s] running egg_info
[0.459s] writing ../../build/mypkg/mypkg.egg-info/PKG-INFO
[0.459s] writing dependency_links to ../../build/mypkg/mypkg.egg-info/dependency_links.txt
[0.459s] writing entry points to ../../build/mypkg/mypkg.egg-info/entry_points.txt
[0.459s] writing requirements to ../../build/mypkg/mypkg.egg-info/requires.txt
[0.459s] writing top-level names to ../../build/mypkg/mypkg.egg-info/top_level.txt
[0.478s] reading manifest file '../../build/mypkg/mypkg.egg-info/SOURCES.txt'
[0.479s] writing manifest file '../../build/mypkg/mypkg.egg-info/SOURCES.txt'
[0.479s] running build
[0.479s] running build_py
[0.479s] copying mypkg/talker.py -> /home/oda/RoboSys/ros2_ws/build/mypkg/build/lib/mypkg
[0.479s] copying mypkg/listner.py -> /home/oda/RoboSys/ros2_ws/build/mypkg/build/lib/mypkg
[0.479s] running install
[0.480s] running install_lib
[0.480s] copying /home/oda/RoboSys/ros2_ws/build/mypkg/build/lib/mypkg/talker.py -> /home/oda/RoboSys/ros2_ws/install/mypkg/lib/python3.6/site-packages/mypkg
[0.480s] copying /home/oda/RoboSys/ros2_ws/build/mypkg/build/lib/mypkg/listner.py -> /home/oda/RoboSys/ros2_ws/install/mypkg/lib/python3.6/site-packages/mypkg
[0.481s] byte-compiling /home/oda/RoboSys/ros2_ws/install/mypkg/lib/python3.6/site-packages/mypkg/talker.py to talker.cpython-36.pyc
[0.481s] byte-compiling /home/oda/RoboSys/ros2_ws/install/mypkg/lib/python3.6/site-packages/mypkg/listner.py to listner.cpython-36.pyc
[0.481s]   File "/home/oda/RoboSys/ros2_ws/install/mypkg/lib/python3.6/site-packages/mypkg/listner.py", line 3
[0.482s]     from std_smgs.msg import Int 16
[0.482s]                                   ^
[0.482s] SyntaxError: invalid syntax
[0.482s] 
[0.482s] running install_data
[0.482s] running install_egg_info
[0.483s] removing '/home/oda/RoboSys/ros2_ws/install/mypkg/lib/python3.6/site-packages/mypkg-0.0.0-py3.6.egg-info' (and everything under it)
[0.483s] Copying ../../build/mypkg/mypkg.egg-info to /home/oda/RoboSys/ros2_ws/install/mypkg/lib/python3.6/site-packages/mypkg-0.0.0-py3.6.egg-info
[0.484s] running install_scripts
[0.494s] Installing listener script to /home/oda/RoboSys/ros2_ws/install/mypkg/lib/mypkg
[0.494s] Installing talker script to /home/oda/RoboSys/ros2_ws/install/mypkg/lib/mypkg
[0.494s] writing list of installed files to '/home/oda/RoboSys/ros2_ws/build/mypkg/install.log'
[0.510s] Invoked command in '/home/oda/RoboSys/ros2_ws/src/mypkg' returned '0': PYTHONPATH=/home/oda/RoboSys/ros2_ws/install/mypkg/lib/python3.6/site-packages:${PYTHONPATH} /usr/bin/python3 setup.py egg_info --egg-base ../../build/mypkg build --build-base /home/oda/RoboSys/ros2_ws/build/mypkg/build install --prefix /home/oda/RoboSys/ros2_ws/install/mypkg --record /home/oda/RoboSys/ros2_ws/build/mypkg/install.log --single-version-externally-managed
